<?xml version="1.0" encoding="UTF-8"?>
<!-- Generated by org.testng.reporters.JUnitXMLReporter -->
<testsuite ignored="0" hostname="DC-KA-QA-RL-256" failures="1" tests="1" name="Default test" time="0.815" errors="0" timestamp="2025-09-01T18:38:56 IST">
  <testcase classname="io.cucumber.testng.AbstractTestNGCucumberTests" name="runScenario" time="0.163">
    <failure type="java.lang.Error" message="Unresolved compilation problem: 
	The method get(String) is undefined for the type Config
">
      <![CDATA[java.lang.Error: Unresolved compilation problem: 
The method get(String) is undefined for the type Config

at steps.SirvSteps.i_have_a_valid_token(SirvSteps.java:25)
at ✽.I have a valid Sirv bearer token(file:///F:/My%20Workspace/sirv-api-bdd/src/test/resources/features/sirv_upload.feature:4)
]]>
    </failure>
  </testcase> <!-- runScenario -->
</testsuite> <!-- Default test -->
