<?xml version="1.0" encoding="UTF-8"?>
<testsuite xmlns:xsi="http://www.w3.org/2001/XMLSchema-instance" xsi:noNamespaceSchemaLocation="https://maven.apache.org/surefire/maven-surefire-plugin/xsd/surefire-test-report-3.0.xsd" version="3.0" name="TestSuite" time="18.753" tests="1" errors="0" skipped="0" failures="0">
  <properties>
[...]
</properties>
  <testcase name="runScenario[&quot;Upload, verify via stat, and delete&quot;, &quot;Upload a file to Sirv and clean up&quot;](1)" classname="runner.TestRunner" time="17.651">
    <system-out><![CDATA[
Scenario: Upload, verify via stat, and delete              &amp#27;[90m# src/test/resources/features/sirv_upload.feature:3&amp#27;[0m
  &amp#27;[32mGiven &amp#27;[0m&amp#27;[32mI have a valid Sirv bearer token&amp#27;[0m                   &amp#27;[90m# steps.SirvSteps.i_have_a_valid_token()&amp#27;[0m
  &amp#27;[32mWhen &amp#27;[0m&amp#27;[32mI upload the local file to the configured Sirv path&amp#27;[0m &amp#27;[90m# steps.SirvSteps.i_upload_the_file()&amp#27;[0m
  &amp#27;[32mThen &amp#27;[0m&amp#27;[32mthe file should exist on Sirv with a positive size&amp#27;[0m  &amp#27;[90m# steps.SirvSteps.the_file_should_exist()&amp#27;[0m
  &amp#27;[32mAnd &amp#27;[0m&amp#27;[32mI delete the file from Sirv&amp#27;[0m                          &amp#27;[90m# steps.SirvSteps.i_delete_the_file()&amp#27;[0m
]]></system-out>
    <system-err><![CDATA[SLF4J: Failed to load class "org.slf4j.impl.StaticLoggerBinder".
SLF4J: Defaulting to no-operation (NOP) logger implementation
SLF4J: See http://www.slf4j.org/codes.html#StaticLoggerBinder for further details.
]]></system-err>
  </testcase>
</testsuite>