<?xml version="1.0" encoding="UTF-8"?>
<testng-results ignored="0" total="1" passed="1" failed="0" skipped="0">
  <reporter-output>
  </reporter-output>
  <suite started-at="2025-09-01T08:50:58 IST" name="Cucumber Suite" finished-at="2025-09-01T08:51:16 IST" duration-ms="18233">
    <groups>
      <group name="cucumber">
        <method signature="AbstractTestNGCucumberTests.runScenario(io.cucumber.testng.PickleWrapper,io.cucumber.testng.FeatureWrapper)[pri:0, instance:runner.TestRunner@4fb0f2b9]" name="runScenario" class="io.cucumber.testng.AbstractTestNGCucumberTests"/>
      </group> <!-- cucumber -->
    </groups>
    <test started-at="2025-09-01T08:50:58 IST" name="Run Cucumber" finished-at="2025-09-01T08:51:16 IST" duration-ms="18233">
      <class name="runner.TestRunner">
        <test-method is-config="true" signature="setUpClass(org.testng.ITestContext)[pri:0, instance:runner.TestRunner@4fb0f2b9]" started-at="2025-09-01T08:50:58 IST" name="setUpClass" finished-at="2025-09-01T08:50:59 IST" duration-ms="510" status="PASS">
          <params>
            <param index="0">
              <value>
                <![CDATA[org.testng.TestRunner@5d27b4c1]]>
              </value>
            </param>
          </params>
          <reporter-output>
          </reporter-output>
        </test-method> <!-- setUpClass -->
        <test-method signature="runScenario(io.cucumber.testng.PickleWrapper,io.cucumber.testng.FeatureWrapper)[pri:0, instance:runner.TestRunner@4fb0f2b9]" started-at="2025-09-01T08:50:59 IST" name="runScenario" description="Runs Cucumber Scenarios" data-provider="scenarios" finished-at="2025-09-01T08:51:16 IST" duration-ms="17651" status="PASS">
          <params>
            <param index="0">
              <value>
                <![CDATA["Upload, verify via stat, and delete"]]>
              </value>
            </param>
            <param index="1">
              <value>
                <![CDATA["Upload a file to Sirv and clean up"]]>
              </value>
            </param>
          </params>
          <reporter-output>
          </reporter-output>
        </test-method> <!-- runScenario -->
        <test-method is-config="true" signature="tearDownClass()[pri:0, instance:runner.TestRunner@4fb0f2b9]" started-at="2025-09-01T08:51:16 IST" name="tearDownClass" finished-at="2025-09-01T08:51:16 IST" duration-ms="29" status="PASS">
          <reporter-output>
          </reporter-output>
        </test-method> <!-- tearDownClass -->
      </class> <!-- runner.TestRunner -->
    </test> <!-- Run Cucumber -->
  </suite> <!-- Cucumber Suite -->
</testng-results>
