<?xml version="1.0" encoding="UTF-8"?>
<!-- Generated by org.testng.reporters.JUnitReportReporter -->
<testsuite hostname="DC-KA-QA-RL-256" failures="0" tests="1" name="runner.TestRunner" time="0.163" errors="1" timestamp="2025-09-01T18:38:56 IST" skipped="0">
  <testcase classname="runner.TestRunner" name="runScenario" time="0.163">
    <error message="Unresolved compilation problem: 
	The method get(String) is undefined for the type Config
" type="java.lang.Error">
      <![CDATA[java.lang.Error: Unresolved compilation problem: 
The method get(String) is undefined for the type Config

at steps.SirvSteps.i_have_a_valid_token(SirvSteps.java:25)
at ✽.I have a valid Sirv bearer token(file:///F:/My%20Workspace/sirv-api-bdd/src/test/resources/features/sirv_upload.feature:4)
]]>
    </error>
  </testcase> <!-- runScenario -->
</testsuite> <!-- runner.TestRunner -->
